[18:16:52] [main/INFO] (FabricLoader/GameProvider) Loading Minecraft 1.20.4 with Fabric Loader 0.16.5
[18:16:52] [main/INFO] (FabricLoader) Loading 60 mods:
	- fabric-api 0.97.2+1.20.4
	- fabric-api-base 0.4.37+78d798af4f
	- fabric-api-lookup-api-v1 1.6.50+82b1bb3e4f
	- fabric-biome-api-v1 13.0.17+78d798af4f
	- fabric-block-api-v1 1.0.17+3e2216cb4f
	- fabric-block-view-api-v2 1.0.5+78d798af4f
	- fabric-blockrenderlayer-v1 1.1.47+78d798af4f
	- fabric-client-tags-api-v1 1.1.8+78d798af4f
	- fabric-command-api-v1 1.2.42+f71b366f4f
	- fabric-command-api-v2 2.2.21+78d798af4f
	- fabric-commands-v0 0.2.59+df3654b34f
	- fabric-containers-v0 0.1.88+df3654b34f
	- fabric-content-registries-v0 5.0.16+78d798af4f
	- fabric-convention-tags-v1 1.5.11+78d798af4f
	- fabric-crash-report-info-v1 0.2.24+78d798af4f
	- fabric-data-attachment-api-v1 1.1.5+b90db5744f
	- fabric-data-generation-api-v1 13.2.6+5c0133444f
	- fabric-dimensions-v1 2.1.63+6605d1a84f
	- fabric-entity-events-v1 1.6.2+09fc25014f
	- fabric-events-interaction-v0 0.7.2+389931eb4f
	- fabric-events-lifecycle-v0 0.2.75+df3654b34f
	- fabric-game-rule-api-v1 1.0.47+78d798af4f
	- fabric-gametest-api-v1 1.3.6+85d85a934f
	- fabric-item-api-v1 2.3.0+bcdd12964f
	- fabric-item-group-api-v1 4.0.27+ee30b13a4f
	- fabric-key-binding-api-v1 1.0.42+78d798af4f
	- fabric-keybindings-v0 0.2.40+df3654b34f
	- fabric-lifecycle-events-v1 2.3.1+a67ffb5d4f
	- fabric-loot-api-v2 2.1.10+78d798af4f
	- fabric-message-api-v1 6.0.6+78d798af4f
	- fabric-mining-level-api-v1 2.1.66+78d798af4f
	- fabric-model-loading-api-v1 1.0.9+78d798af4f
	- fabric-models-v0 0.4.8+9386d8a74f
	- fabric-networking-api-v1 3.1.9+6abb6a4b4f
	- fabric-object-builder-api-v1 13.1.0+dba1195c4f
	- fabric-particles-v1 1.1.8+78d798af4f
	- fabric-recipe-api-v1 2.0.22+78d798af4f
	- fabric-registry-sync-v0 4.0.21+ee30b13a4f
	- fabric-renderer-api-v1 3.2.5+78d798af4f
	- fabric-renderer-indigo 1.5.6+d331d3144f
	- fabric-renderer-registries-v1 3.2.54+df3654b34f
	- fabric-rendering-data-attachment-v1 0.3.43+73761d2e4f
	- fabric-rendering-fluids-v1 3.1.2+e761c6694f
	- fabric-rendering-v0 1.1.57+df3654b34f
	- fabric-rendering-v1 3.2.1+6fd945a04f
	- fabric-resource-conditions-api-v1 2.3.15+78d798af4f
	- fabric-resource-loader-v0 0.11.21+ee30b13a4f
	- fabric-screen-api-v1 2.0.18+78d798af4f
	- fabric-screen-handler-api-v1 1.3.57+78d798af4f
	- fabric-sound-api-v1 1.0.18+78d798af4f
	- fabric-transfer-api-v1 4.0.12+90f2d7b14f
	- fabric-transitive-access-wideners-v1 5.0.15+78d798af4f
	- fabricloader 0.16.5
	- fabwork 1.3.0+1.20.2
	- geckolib 4.4.2
	- java 17
	- minecraft 1.20.4
	- mixinextras 0.4.1
	- stuff 1.0-SNAPSHOT
	- terraform-wood-api-v1 8.0.0
[18:16:52] [main/INFO] (FabricLoader/Mixin) SpongePowered MIXIN Subsystem Version=0.8.7 Source=file:/C:/Users/sf-hh/.gradle/caches/modules-2/files-2.1/net.fabricmc/sponge-mixin/0.15.3+mixin.0.8.7/51ee0a44ab05f6fddd66b09e66b3a16904f9c55d/sponge-mixin-0.15.3+mixin.0.8.7.jar Service=Knot/Fabric Env=CLIENT
[18:16:52] [main/INFO] (FabricLoader/Mixin) Loaded Fabric development mappings for mixin remapper!
[18:16:52] [main/INFO] (FabricLoader/Mixin) Compatibility level set to JAVA_17
[18:16:53] [main/INFO] (FabricLoader/MixinExtras|Service) Initializing MixinExtras via com.llamalad7.mixinextras.service.MixinExtrasServiceImpl(version=0.4.1).
[18:16:57] [Datafixer Bootstrap/INFO] (Minecraft) 198 Datafixer optimizations took 118 milliseconds
[18:16:58] [Render thread/INFO] (Minecraft) Environment: Environment[sessionHost=https://sessionserver.mojang.com, servicesHost=https://api.minecraftservices.com, name=PROD]
[18:16:58] [Render thread/INFO] (Minecraft) Setting user: Player320
[18:16:59] [Render thread/INFO] (fabric-networking-api-v1) Force Packet Serialization is enabled to mimic remote connection on single player, this is the default behaviour on dev env. Add -Dfabric-api.networking.force-packet-serialization=false JVM arg to disable it.
[18:16:59] [Render thread/INFO] (stuff) Initializing Stuff mod
[18:16:59] [Render thread/INFO] (stuff) Registering sounds for stuff
[18:16:59] [Render thread/INFO] (stuff) Registering entities for stuff
[18:16:59] [Render thread/INFO] (stuff) Registering items for stuff
[18:16:59] [Render thread/INFO] (stuff) Registering Item Groups for stuff
[18:16:59] [Render thread/INFO] (Fabwork::SERVER) Loaded Fabwork 1.3.0+1.20.2
[18:16:59] [Render thread/INFO] (Indigo) [Indigo] Registering Indigo renderer!
[18:16:59] [Download-2/ERROR] (Minecraft) Failed to fetch user properties
com.mojang.authlib.exceptions.InvalidCredentialsException: Status: 401
	at com.mojang.authlib.exceptions.MinecraftClientHttpException.toAuthenticationException(MinecraftClientHttpException.java:59) ~[authlib-6.0.52.jar:?]
	at com.mojang.authlib.yggdrasil.YggdrasilUserApiService.fetchProperties(YggdrasilUserApiService.java:150) ~[authlib-6.0.52.jar:?]
	at net.minecraft.client.MinecraftClient.method_55608(MinecraftClient.java:467) ~[minecraft-clientOnly-079e7e321f-1.20.4-net.fabricmc.yarn.1_20_4.1.20.4+build.3-v2.jar:?]
	at java.util.concurrent.CompletableFuture$AsyncSupply.run(CompletableFuture.java:1768) ~[?:?]
	at java.util.concurrent.ThreadPoolExecutor.runWorker(ThreadPoolExecutor.java:1136) ~[?:?]
	at java.util.concurrent.ThreadPoolExecutor$Worker.run(ThreadPoolExecutor.java:635) ~[?:?]
	at java.lang.Thread.run(Thread.java:842) ~[?:?]
Caused by: com.mojang.authlib.exceptions.MinecraftClientHttpException: Status: 401
	at com.mojang.authlib.minecraft.client.MinecraftClient.readInputStream(MinecraftClient.java:100) ~[authlib-6.0.52.jar:?]
	at com.mojang.authlib.minecraft.client.MinecraftClient.get(MinecraftClient.java:57) ~[authlib-6.0.52.jar:?]
	at com.mojang.authlib.yggdrasil.YggdrasilUserApiService.fetchProperties(YggdrasilUserApiService.java:121) ~[authlib-6.0.52.jar:?]
	... 5 more
[18:16:59] [Render thread/INFO] (Fabwork::CLIENT) Loaded Fabwork 1.3.0+1.20.2
[18:16:59] [Render thread/INFO] (Minecraft) Backend library: LWJGL version 3.3.2-snapshot
[18:17:00] [Render thread/INFO] (Minecraft) Reloading ResourceManager: vanilla, fabric, fabric-api, fabric-api-base, fabric-api-lookup-api-v1, fabric-biome-api-v1, fabric-block-api-v1, fabric-block-view-api-v2, fabric-blockrenderlayer-v1, fabric-client-tags-api-v1, fabric-command-api-v1, fabric-command-api-v2, fabric-commands-v0, fabric-containers-v0, fabric-content-registries-v0, fabric-convention-tags-v1, fabric-crash-report-info-v1, fabric-data-attachment-api-v1, fabric-data-generation-api-v1, fabric-dimensions-v1, fabric-entity-events-v1, fabric-events-interaction-v0, fabric-events-lifecycle-v0, fabric-game-rule-api-v1, fabric-gametest-api-v1, fabric-item-api-v1, fabric-item-group-api-v1, fabric-key-binding-api-v1, fabric-keybindings-v0, fabric-lifecycle-events-v1, fabric-loot-api-v2, fabric-message-api-v1, fabric-mining-level-api-v1, fabric-model-loading-api-v1, fabric-models-v0, fabric-networking-api-v1, fabric-object-builder-api-v1, fabric-particles-v1, fabric-recipe-api-v1, fabric-registry-sync-v0, fabric-renderer-api-v1, fabric-renderer-indigo, fabric-renderer-registries-v1, fabric-rendering-data-attachment-v1, fabric-rendering-fluids-v1, fabric-rendering-v0, fabric-rendering-v1, fabric-resource-conditions-api-v1, fabric-resource-loader-v0, fabric-screen-api-v1, fabric-screen-handler-api-v1, fabric-sound-api-v1, fabric-transfer-api-v1, fabric-transitive-access-wideners-v1, fabricloader, fabwork, geckolib, stuff, terraform-wood-api-v1
[18:17:00] [Render thread/ERROR] (Minecraft) Registry 'terraform:boat' was empty after loading
[18:17:00] [Worker-Main-12/INFO] (Minecraft) Found unifont_all_no_pua-15.1.04.hex, loading
[18:17:01] [Render thread/WARN] (Minecraft) Missing sound for event: minecraft:item.goat_horn.play
[18:17:01] [Render thread/WARN] (Minecraft) Missing sound for event: minecraft:entity.goat.screaming.horn_break
[18:17:01] [Render thread/WARN] (Minecraft) Missing sound for event: minecraft:entity.generic.wind_burst
[18:17:01] [Render thread/WARN] (Minecraft) Missing sound for event: stuff:entity.player.heartbeat
[18:17:01] [Render thread/WARN] (Minecraft) Missing sound for event: stuff:entity.player.breath
[18:17:02] [Render thread/INFO] (Minecraft) OpenAL initialized on device OpenAL Soft on SteelSeries Sonar - Gaming (SteelSeries Sonar Virtual Audio Device)
[18:17:02] [Render thread/INFO] (Minecraft) Sound engine started
[18:17:02] [Render thread/INFO] (Minecraft) Created: 1024x1024x4 minecraft:textures/atlas/blocks.png-atlas
[18:17:02] [Render thread/INFO] (Minecraft) Created: 256x256x4 minecraft:textures/atlas/signs.png-atlas
[18:17:02] [Render thread/INFO] (Minecraft) Created: 512x512x4 minecraft:textures/atlas/shield_patterns.png-atlas
[18:17:02] [Render thread/INFO] (Minecraft) Created: 512x512x4 minecraft:textures/atlas/banner_patterns.png-atlas
[18:17:02] [Render thread/INFO] (Minecraft) Created: 1024x1024x4 minecraft:textures/atlas/armor_trims.png-atlas
[18:17:02] [Render thread/INFO] (Minecraft) Created: 128x64x4 minecraft:textures/atlas/decorated_pot.png-atlas
[18:17:02] [Render thread/INFO] (Minecraft) Created: 256x256x4 minecraft:textures/atlas/chest.png-atlas
[18:17:02] [Render thread/INFO] (Minecraft) Created: 512x256x4 minecraft:textures/atlas/shulker_boxes.png-atlas
[18:17:02] [Render thread/INFO] (Minecraft) Created: 512x256x4 minecraft:textures/atlas/beds.png-atlas
[18:17:02] [Render thread/WARN] (Minecraft) Shader rendertype_entity_translucent_emissive could not find sampler named Sampler2 in the specified shader program.
[18:17:02] [Render thread/INFO] (Minecraft) Created: 512x256x0 minecraft:textures/atlas/particles.png-atlas
[18:17:02] [Render thread/INFO] (Minecraft) Created: 256x256x0 minecraft:textures/atlas/paintings.png-atlas
[18:17:02] [Render thread/INFO] (Minecraft) Created: 128x128x0 minecraft:textures/atlas/mob_effects.png-atlas
[18:17:02] [Render thread/INFO] (Minecraft) Created: 1024x512x0 minecraft:textures/atlas/gui.png-atlas
[18:17:02] [IO-Worker-1/INFO] (Minecraft) Could not authorize you against Realms server: Invalid session id
[18:17:02] [IO-Worker-1/ERROR] (Minecraft) Couldn't connect to realms
net.minecraft.client.realms.exception.RealmsServiceException: Realms authentication error with message 'Invalid session id'
	at net.minecraft.client.realms.RealmsClient.execute(RealmsClient.java:447) ~[minecraft-clientOnly-079e7e321f-1.20.4-net.fabricmc.yarn.1_20_4.1.20.4+build.3-v2.jar:?]
	at net.minecraft.client.realms.RealmsClient.clientCompatible(RealmsClient.java:232) ~[minecraft-clientOnly-079e7e321f-1.20.4-net.fabricmc.yarn.1_20_4.1.20.4+build.3-v2.jar:?]
	at net.minecraft.client.realms.RealmsAvailability.method_52627(RealmsAvailability.java:45) ~[minecraft-clientOnly-079e7e321f-1.20.4-net.fabricmc.yarn.1_20_4.1.20.4+build.3-v2.jar:?]
	at java.util.concurrent.CompletableFuture$AsyncSupply.run(CompletableFuture.java:1768) ~[?:?]
	at java.util.concurrent.ThreadPoolExecutor.runWorker(ThreadPoolExecutor.java:1136) ~[?:?]
	at java.util.concurrent.ThreadPoolExecutor$Worker.run(ThreadPoolExecutor.java:635) ~[?:?]
	at java.lang.Thread.run(Thread.java:842) ~[?:?]
[18:17:06] [Render thread/INFO] (Minecraft) Loaded 7 recipes
[18:17:06] [Render thread/INFO] (Minecraft) Loaded 1271 advancements
[18:17:07] [Render thread/INFO] (BiomeModificationImpl) Applied 0 biome modifications to 0 of 64 new biomes in 1.273 ms
[18:17:07] [Server thread/INFO] (Minecraft) Starting integrated minecraft server version 1.20.4
[18:17:07] [Server thread/INFO] (Minecraft) Generating keypair
[18:17:07] [Server thread/INFO] (Minecraft) Preparing start region for dimension minecraft:overworld
[18:17:09] [Render thread/INFO] (Minecraft) Preparing spawn area: 0%
[18:17:09] [Render thread/INFO] (Minecraft) Preparing spawn area: 0%
[18:17:09] [Render thread/INFO] (Minecraft) Preparing spawn area: 0%
[18:17:09] [Render thread/INFO] (Minecraft) Preparing spawn area: 0%
[18:17:09] [Render thread/INFO] (Minecraft) Preparing spawn area: 24%
[18:17:10] [Render thread/INFO] (Minecraft) Time elapsed: 2260 ms
[18:17:10] [Server thread/INFO] (Minecraft) Changing view distance to 12, from 10
[18:17:10] [Server thread/INFO] (Minecraft) Changing simulation distance to 12, from 0
[18:17:10] [Netty Server IO #1/INFO] (Fabwork::SERVER) Sending mod list to Player320[local:E:f9975308]
[18:17:10] [Netty Local Client IO #0/INFO] (Fabwork::CLIENT) Got mod list from server:  [stuff] (1)
[18:17:10] [Netty Server IO #1/INFO] (Fabwork::SERVER) Got mod list from Player320[local:E:f9975308]:  [stuff] (1)
[18:17:10] [Netty Server IO #1/INFO] (Fabwork::SERVER) Connection succeeded with 1 syncronised mod(s) [stuff]
[18:17:10] [Render thread/INFO] (Fabwork::CLIENT) Connection succeeded with 1 syncronised mod(s) [stuff]
[18:17:11] [Server thread/INFO] (Minecraft) Player320[local:E:f9975308] logged in with entity id 172 at (-65.24335116863382, 65.0, 80.46299058258985)
[18:17:11] [Server thread/INFO] (Minecraft) Player320 joined the game
[18:17:11] [Server thread/INFO] (Minecraft) Player320 has completed the challenge [Serious Dedication]
[18:17:11] [Render thread/INFO] (Minecraft) [System] [CHAT] Player320 has completed the challenge [Serious Dedication]
[18:17:11] [Render thread/INFO] (Minecraft) Loaded 11 advancements
[18:19:17] [Server thread/INFO] (Minecraft) Saving and pausing game...
[18:19:17] [Server thread/INFO] (Minecraft) Saving chunks for level 'ServerLevel[New World]'/minecraft:overworld
[18:19:17] [Server thread/INFO] (Minecraft) Saving chunks for level 'ServerLevel[New World]'/minecraft:the_end
[18:19:17] [Server thread/INFO] (Minecraft) Saving chunks for level 'ServerLevel[New World]'/minecraft:the_nether
[18:19:18] [Server thread/INFO] (Minecraft) Player320 lost connection: Disconnected
[18:19:18] [Server thread/INFO] (Minecraft) Player320 left the game
[18:19:18] [Server thread/INFO] (Minecraft) Stopping singleplayer server as player logged out
[18:19:18] [Server thread/INFO] (Minecraft) Stopping server
[18:19:18] [Server thread/INFO] (Minecraft) Saving players
[18:19:18] [Server thread/INFO] (Minecraft) Saving worlds
[18:19:18] [Server thread/INFO] (Minecraft) Saving chunks for level 'ServerLevel[New World]'/minecraft:overworld
[18:19:19] [Server thread/INFO] (Minecraft) Saving chunks for level 'ServerLevel[New World]'/minecraft:the_end
[18:19:19] [Server thread/INFO] (Minecraft) Saving chunks for level 'ServerLevel[New World]'/minecraft:the_nether
[18:19:19] [Server thread/INFO] (Minecraft) ThreadedAnvilChunkStorage (New World): All chunks are saved
[18:19:19] [Server thread/INFO] (Minecraft) ThreadedAnvilChunkStorage (DIM1): All chunks are saved
[18:19:19] [Server thread/INFO] (Minecraft) ThreadedAnvilChunkStorage (DIM-1): All chunks are saved
[18:19:19] [Server thread/INFO] (Minecraft) ThreadedAnvilChunkStorage: All dimensions are saved
[18:19:19] [Render thread/INFO] (Minecraft) Stopping!
